# JRE version: OpenJDK Runtime Environment (8.0_144-b01) (build 1.8.0_144-b01)
# Java VM: OpenJDK 64-Bit Server VM (25.144-b01 mixed mode linux-amd64 compressed oops)
Heap:
 PSYoungGen      total 855040K, used 156567K [0x0000000783000000, 0x00000007c0000000, 0x00000007c0000000)
  eden space 709632K, 22% used [0x0000000783000000,0x000000078c8e5c80,0x00000007ae500000)
  from space 145408K, 0% used [0x00000007b7200000,0x00000007b7200000,0x00000007c0000000)
  to   space 144384K, 0% used [0x00000007ae500000,0x00000007ae500000,0x00000007b7200000)
 ParOldGen       total 433664K, used 132138K [0x0000000709000000, 0x0000000723780000, 0x0000000783000000)
  object space 433664K, 30% used [0x0000000709000000,0x000000071110a908,0x0000000723780000)
 Metaspace       used 138406K, capacity 154976K, committed 155224K, reserved 1183744K
  class space    used 16725K, capacity 21031K, committed 21096K, reserved 1048576K
GC Heap History (10 events):
Event: 46.630 GC heap before
{Heap before GC invocations=22 (full 6):
 PSYoungGen      total 854016K, used 38762K [0x0000000783000000, 0x00000007c0000000, 0x00000007c0000000)
  eden space 704000K, 0% used [0x0000000783000000,0x0000000783000000,0x00000007adf80000)
  from space 150016K, 25% used [0x00000007b6d80000,0x00000007b935a960,0x00000007c0000000)
  to   space 145408K, 0% used [0x00000007adf80000,0x00000007adf80000,0x00000007b6d80000)
 ParOldGen       total 433664K, used 115148K [0x0000000709000000, 0x0000000723780000, 0x0000000783000000)
  object space 433664K, 26% used [0x0000000709000000,0x0000000710073390,0x0000000723780000)
 Metaspace       used 137191K, capacity 153784K, committed 154072K, reserved 1181696K
  class space    used 16590K, capacity 20915K, committed 20968K, reserved 1048576K
Event: 47.454 GC heap after
Heap after GC invocations=22 (full 6):
 PSYoungGen      total 854016K, used 0K [0x0000000783000000, 0x00000007c0000000, 0x00000007c0000000)
  eden space 704000K, 0% used [0x0000000783000000,0x0000000783000000,0x00000007adf80000)
  from space 150016K, 0% used [0x00000007b6d80000,0x00000007b6d80000,0x00000007c0000000)
  to   space 145408K, 0% used [0x00000007adf80000,0x00000007adf80000,0x00000007b6d80000)
 ParOldGen       total 433664K, used 125242K [0x0000000709000000, 0x0000000723780000, 0x0000000783000000)
  object space 433664K, 28% used [0x0000000709000000,0x0000000710a4e9c0,0x0000000723780000)
 Metaspace       used 137191K, capacity 153784K, committed 154072K, reserved 1181696K
  class space    used 16590K, capacity 20915K, committed 20968K, reserved 1048576K
}
Event: 48.245 GC heap before
{Heap before GC invocations=23 (full 6):
 PSYoungGen      total 854016K, used 114125K [0x0000000783000000, 0x00000007c0000000, 0x00000007c0000000)
  eden space 704000K, 16% used [0x0000000783000000,0x0000000789f736d8,0x00000007adf80000)
  from space 150016K, 0% used [0x00000007b6d80000,0x00000007b6d80000,0x00000007c0000000)
  to   space 145408K, 0% used [0x00000007adf80000,0x00000007adf80000,0x00000007b6d80000)
 ParOldGen       total 433664K, used 125242K [0x0000000709000000, 0x0000000723780000, 0x0000000783000000)
  object space 433664K, 28% used [0x0000000709000000,0x0000000710a4e9c0,0x0000000723780000)
 Metaspace       used 137949K, capacity 154428K, committed 154712K, reserved 1183744K
  class space    used 16679K, capacity 20983K, committed 21096K, reserved 1048576K
Event: 48.260 GC heap after
Heap after GC invocations=23 (full 6):
 PSYoungGen      total 849408K, used 8863K [0x0000000783000000, 0x00000007c0000000, 0x00000007c0000000)
  eden space 704000K, 0% used [0x0000000783000000,0x0000000783000000,0x00000007adf80000)
  from space 145408K, 6% used [0x00000007adf80000,0x00000007ae827e28,0x00000007b6d80000)
  to   space 145408K, 0% used [0x00000007b7200000,0x00000007b7200000,0x00000007c0000000)
 ParOldGen       total 433664K, used 125250K [0x0000000709000000, 0x0000000723780000, 0x0000000783000000)
  object space 433664K, 28% used [0x0000000709000000,0x0000000710a509c0,0x0000000723780000)
 Metaspace       used 137949K, capacity 154428K, committed 154712K, reserved 1183744K
  class space    used 16679K, capacity 20983K, committed 21096K, reserved 1048576K
}
Event: 48.260 GC heap before
{Heap before GC invocations=24 (full 7):
 PSYoungGen      total 849408K, used 8863K [0x0000000783000000, 0x00000007c0000000, 0x00000007c0000000)
  eden space 704000K, 0% used [0x0000000783000000,0x0000000783000000,0x00000007adf80000)
  from space 145408K, 6% used [0x00000007adf80000,0x00000007ae827e28,0x00000007b6d80000)
  to   space 145408K, 0% used [0x00000007b7200000,0x00000007b7200000,0x00000007c0000000)
 ParOldGen       total 433664K, used 125250K [0x0000000709000000, 0x0000000723780000, 0x0000000783000000)
  object space 433664K, 28% used [0x0000000709000000,0x0000000710a509c0,0x0000000723780000)
 Metaspace       used 137949K, capacity 154428K, committed 154712K, reserved 1183744K
  class space    used 16679K, capacity 20983K, committed 21096K, reserved 1048576K
Event: 48.923 GC heap after
Heap after GC invocations=24 (full 7):
 PSYoungGen      total 849408K, used 0K [0x0000000783000000, 0x00000007c0000000, 0x00000007c0000000)
  eden space 704000K, 0% used [0x0000000783000000,0x0000000783000000,0x00000007adf80000)
  from space 145408K, 0% used [0x00000007adf80000,0x00000007adf80000,0x00000007b6d80000)
  to   space 145408K, 0% used [0x00000007b7200000,0x00000007b7200000,0x00000007c0000000)
 ParOldGen       total 433664K, used 130648K [0x0000000709000000, 0x0000000723780000, 0x0000000783000000)
  object space 433664K, 30% used [0x0000000709000000,0x0000000710f96258,0x0000000723780000)
 Metaspace       used 137949K, capacity 154428K, committed 154712K, reserved 1183744K
  class space    used 16679K, capacity 20983K, committed 21096K, reserved 1048576K
}
Event: 49.127 GC heap before
{Heap before GC invocations=25 (full 7):
 PSYoungGen      total 849408K, used 42962K [0x0000000783000000, 0x00000007c0000000, 0x00000007c0000000)
  eden space 704000K, 6% used [0x0000000783000000,0x00000007859f4b38,0x00000007adf80000)
  from space 145408K, 0% used [0x00000007adf80000,0x00000007adf80000,0x00000007b6d80000)
  to   space 145408K, 0% used [0x00000007b7200000,0x00000007b7200000,0x00000007c0000000)
 ParOldGen       total 433664K, used 130648K [0x0000000709000000, 0x0000000723780000, 0x0000000783000000)
  object space 433664K, 30% used [0x0000000709000000,0x0000000710f96258,0x0000000723780000)
 Metaspace       used 137954K, capacity 154428K, committed 154712K, reserved 1183744K
  class space    used 16679K, capacity 20983K, committed 21096K, reserved 1048576K
Event: 49.137 GC heap after
Heap after GC invocations=25 (full 7):
 PSYoungGen      total 855040K, used 9486K [0x0000000783000000, 0x00000007c0000000, 0x00000007c0000000)
  eden space 709632K, 0% used [0x0000000783000000,0x0000000783000000,0x00000007ae500000)
  from space 145408K, 6% used [0x00000007b7200000,0x00000007b7b43890,0x00000007c0000000)
  to   space 144384K, 0% used [0x00000007ae500000,0x00000007ae500000,0x00000007b7200000)
 ParOldGen       total 433664K, used 130648K [0x0000000709000000, 0x0000000723780000, 0x0000000783000000)
  object space 433664K, 30% used [0x0000000709000000,0x0000000710f96258,0x0000000723780000)
 Metaspace       used 137954K, capacity 154428K, committed 154712K, reserved 1183744K
  class space    used 16679K, capacity 20983K, committed 21096K, reserved 1048576K
}
Event: 49.137 GC heap before
{Heap before GC invocations=26 (full 8):
 PSYoungGen      total 855040K, used 9486K [0x0000000783000000, 0x00000007c0000000, 0x00000007c0000000)
  eden space 709632K, 0% used [0x0000000783000000,0x0000000783000000,0x00000007ae500000)
  from space 145408K, 6% used [0x00000007b7200000,0x00000007b7b43890,0x00000007c0000000)
  to   space 144384K, 0% used [0x00000007ae500000,0x00000007ae500000,0x00000007b7200000)
 ParOldGen       total 433664K, used 130648K [0x0000000709000000, 0x0000000723780000, 0x0000000783000000)
  object space 433664K, 30% used [0x0000000709000000,0x0000000710f96258,0x0000000723780000)
 Metaspace       used 137954K, capacity 154428K, committed 154712K, reserved 1183744K
  class space    used 16679K, capacity 20983K, committed 21096K, reserved 1048576K
Event: 49.566 GC heap after
Heap after GC invocations=26 (full 8):
 PSYoungGen      total 855040K, used 0K [0x0000000783000000, 0x00000007c0000000, 0x00000007c0000000)
  eden space 709632K, 0% used [0x0000000783000000,0x0000000783000000,0x00000007ae500000)
  from space 145408K, 0% used [0x00000007b7200000,0x00000007b7200000,0x00000007c0000000)
  to   space 144384K, 0% used [0x00000007ae500000,0x00000007ae500000,0x00000007b7200000)
 ParOldGen       total 433664K, used 132138K [0x0000000709000000, 0x0000000723780000, 0x0000000783000000)
  object space 433664K, 30% used [0x0000000709000000,0x000000071110a908,0x0000000723780000)
 Metaspace       used 137954K, capacity 154428K, committed 154712K, reserved 1183744K
  class space    used 16679K, capacity 20983K, committed 21096K, reserved 1048576K
}

